
> robotmadness-online@0.1.0 build
> next build && npm run db:generate

   ▲ Next.js 15.4.5
   - Environments: .env.local, .env

   Creating an optimized production build ...
 ✓ Compiled successfully in 1000ms
   Linting and checking validity of types ...

./app/board-editor/page.tsx
269:11  Warning: 'getTileAt' is assigned a value but never used.  @typescript-eslint/no-unused-vars
273:11  Warning: 'getStartingPositionAt' is assigned a value but never used.  @typescript-eslint/no-unused-vars
277:11  Warning: 'getLaserAt' is assigned a value but never used.  @typescript-eslint/no-unused-vars
337:8  Warning: React Hook useCallback has a missing dependency: 'selectedItem.tool'. Either include it or remove the dependency array.  react-hooks/exhaustive-deps

./app/board-viewer/page.tsx
24:8  Warning: React Hook useEffect has missing dependencies: 'boardIds' and 'selectedBoardId'. Either include them or remove the dependency array.  react-hooks/exhaustive-deps

./app/course-viewer/page.tsx
22:8  Warning: React Hook useEffect has missing dependencies: 'courseIds' and 'selectedCourseId'. Either include them or remove the dependency array.  react-hooks/exhaustive-deps

./app/game/[roomCode]/page.tsx
36:10  Warning: 'executionMessage' is assigned a value but never used.  @typescript-eslint/no-unused-vars
41:10  Warning: 'previewBoard' is assigned a value but never used.  @typescript-eslint/no-unused-vars

./components/game/Board.tsx
22:7  Warning: 'DIRECTION_ARROWS' is assigned a value but never used.  @typescript-eslint/no-unused-vars
85:6  Warning: React Hook useEffect has a missing dependency: 'onTileSizeChange'. Either include it or remove the dependency array. If 'onTileSizeChange' changes too often, find the parent component that defines it and wrap that definition in useCallback.  react-hooks/exhaustive-deps
245:9  Warning: 'getAllLaserBeams' is assigned a value but never used.  @typescript-eslint/no-unused-vars
349:9  Warning: 'checkpointSize' is assigned a value but never used.  @typescript-eslint/no-unused-vars
350:9  Warning: 'arrowSize' is assigned a value but never used.  @typescript-eslint/no-unused-vars
351:9  Warning: 'fontSize' is assigned a value but never used.  @typescript-eslint/no-unused-vars

./components/game/BoardRenderer.tsx
62:10  Warning: 'fontSize' is assigned a value but never used.  @typescript-eslint/no-unused-vars
167:11  Warning: 'assignedPlayer' is assigned a value but never used.  @typescript-eslint/no-unused-vars

./components/game/LoadingStates.tsx
59:17  Warning: Do not use an `<a>` element to navigate to `/`. Use `<Link />` from `next/link` instead. See: https://nextjs.org/docs/messages/no-html-link-for-pages  @next/next/no-html-link-for-pages

./components/game/ProgrammingControls.tsx
22:11  Warning: 'canSubmit' is assigned a value but never used.  @typescript-eslint/no-unused-vars

./components/game/RespawnDecisionPanel.tsx
57:8  Warning: React Hook React.useEffect has missing dependencies: 'isRespawn', 'playerId', and 'roomCode'. Either include them or remove the dependency array.  react-hooks/exhaustive-deps

./components/game/RobotLaserAnimation.tsx
20:7  Warning: 'isRobotLaserBlocked' is assigned a value but never used.  @typescript-eslint/no-unused-vars

./lib/socket.ts
8:38  Warning: The `Function` type accepts any function-like value.
Prefer explicitly defining any function parameters and return type.  @typescript-eslint/no-unsafe-function-type
42:30  Warning: Unexpected any. Specify a different type.  @typescript-eslint/no-explicit-any
48:31  Warning: The `Function` type accepts any function-like value.
Prefer explicitly defining any function parameters and return type.  @typescript-eslint/no-unsafe-function-type
56:39  Warning: Unexpected any. Specify a different type.  @typescript-eslint/no-explicit-any
59:32  Warning: The `Function` type accepts any function-like value.
Prefer explicitly defining any function parameters and return type.  @typescript-eslint/no-unsafe-function-type
65:42  Warning: Unexpected any. Specify a different type.  @typescript-eslint/no-explicit-any

info  - Need to disable some ESLint rules? Learn more here: https://nextjs.org/docs/app/api-reference/config/eslint#disabling-rules
