
> robotmadness-online@0.1.0 build
> next build && npm run db:generate

   ▲ Next.js 15.4.5
   - Environments: .env.local, .env

   Creating an optimized production build ...
 ✓ Compiled successfully in 1000ms
   Linting and checking validity of types ...

./app/board-editor/page.tsx
269:11  Warning: 'getTileAt' is assigned a value but never used.  @typescript-eslint/no-unused-vars
273:11  Warning: 'getStartingPositionAt' is assigned a value but never used.  @typescript-eslint/no-unused-vars
277:11  Warning: 'getLaserAt' is assigned a value but never used.  @typescript-eslint/no-unused-vars
337:8  Warning: React Hook useCallback has a missing dependency: 'selectedItem.tool'. Either include it or remove the dependency array.  react-hooks/exhaustive-deps

./app/board-viewer/page.tsx
24:8  Warning: React Hook useEffect has missing dependencies: 'boardIds' and 'selectedBoardId'. Either include them or remove the dependency array.  react-hooks/exhaustive-deps

./app/course-viewer/page.tsx
22:8  Warning: React Hook useEffect has missing dependencies: 'courseIds' and 'selectedCourseId'. Either include them or remove the dependency array.  react-hooks/exhaustive-deps

./app/game/[roomCode]/page.tsx
36:10  Warning: 'executionMessage' is assigned a value but never used.  @typescript-eslint/no-unused-vars
41:10  Warning: 'previewBoard' is assigned a value but never used.  @typescript-eslint/no-unused-vars

./components/game/board-elements/Tile.tsx
53:35  Warning: Unexpected any. Specify a different type.  @typescript-eslint/no-explicit-any
54:32  Warning: Unexpected any. Specify a different type.  @typescript-eslint/no-explicit-any
73:35  Warning: Unexpected any. Specify a different type.  @typescript-eslint/no-explicit-any
74:35  Warning: Unexpected any. Specify a different type.  @typescript-eslint/no-explicit-any

./components/game/Board.tsx
22:7  Warning: 'DIRECTION_ARROWS' is assigned a value but never used.  @typescript-eslint/no-unused-vars
35:7  Warning: Unexpected var, use let or const instead.  no-var
37:7  Warning: Unexpected var, use let or const instead.  no-var
85:6  Warning: React Hook useEffect has a missing dependency: 'onTileSizeChange'. Either include it or remove the dependency array. If 'onTileSizeChange' changes too often, find the parent component that defines it and wrap that definition in useCallback.  react-hooks/exhaustive-deps
162:11  Warning: Unexpected any. Specify a different type.  @typescript-eslint/no-explicit-any
171:31  Warning: Unexpected any. Specify a different type.  @typescript-eslint/no-explicit-any
171:51  Warning: Unexpected any. Specify a different type.  @typescript-eslint/no-explicit-any
245:9  Warning: 'getAllLaserBeams' is assigned a value but never used.  @typescript-eslint/no-unused-vars
250:36  Warning: Unexpected any. Specify a different type.  @typescript-eslint/no-explicit-any
349:9  Warning: 'checkpointSize' is assigned a value but never used.  @typescript-eslint/no-unused-vars
350:9  Warning: 'arrowSize' is assigned a value but never used.  @typescript-eslint/no-unused-vars
351:9  Warning: 'fontSize' is assigned a value but never used.  @typescript-eslint/no-unused-vars
499:33  Warning: Unexpected any. Specify a different type.  @typescript-eslint/no-explicit-any
813:36  Warning: Unexpected any. Specify a different type.  @typescript-eslint/no-explicit-any

./components/game/BoardPreview.tsx
18:37  Warning: Unexpected any. Specify a different type.  @typescript-eslint/no-explicit-any
32:44  Warning: Unexpected any. Specify a different type.  @typescript-eslint/no-explicit-any
39:38  Warning: Unexpected any. Specify a different type.  @typescript-eslint/no-explicit-any

./components/game/BoardRenderer.tsx
62:10  Warning: 'fontSize' is assigned a value but never used.  @typescript-eslint/no-unused-vars
167:11  Warning: 'assignedPlayer' is assigned a value but never used.  @typescript-eslint/no-unused-vars
168:46  Warning: Unexpected any. Specify a different type.  @typescript-eslint/no-explicit-any
256:36  Warning: Unexpected any. Specify a different type.  @typescript-eslint/no-explicit-any

./components/game/Course.tsx
13:17  Warning: Unexpected any. Specify a different type.  @typescript-eslint/no-explicit-any

./components/game/ExecutionLog.tsx
17:5  Warning: Unexpected var, use let or const instead.  no-var

./components/game/LoadingStates.tsx
59:17  Warning: Do not use an `<a>` element to navigate to `/`. Use `<Link />` from `next/link` instead. See: https://nextjs.org/docs/messages/no-html-link-for-pages  @next/next/no-html-link-for-pages

./components/game/ProgrammingControls.tsx
22:11  Warning: 'canSubmit' is assigned a value but never used.  @typescript-eslint/no-unused-vars

./components/game/RespawnDecisionPanel.tsx
57:8  Warning: React Hook React.useEffect has missing dependencies: 'isRespawn', 'playerId', and 'roomCode'. Either include them or remove the dependency array.  react-hooks/exhaustive-deps

./components/game/RobotLaserAnimation.tsx
20:7  Warning: 'isRobotLaserBlocked' is assigned a value but never used.  @typescript-eslint/no-unused-vars
20:55  Warning: Unexpected any. Specify a different type.  @typescript-eslint/no-explicit-any

./lib/game/GameEngine.ts
392:13  Warning: Unexpected var, use let or const instead.  no-var

./lib/socket.ts
8:38  Warning: The `Function` type accepts any function-like value.
Prefer explicitly defining any function parameters and return type.  @typescript-eslint/no-unsafe-function-type
42:30  Warning: Unexpected any. Specify a different type.  @typescript-eslint/no-explicit-any
48:31  Warning: The `Function` type accepts any function-like value.
Prefer explicitly defining any function parameters and return type.  @typescript-eslint/no-unsafe-function-type
56:39  Warning: Unexpected any. Specify a different type.  @typescript-eslint/no-explicit-any
59:32  Warning: The `Function` type accepts any function-like value.
Prefer explicitly defining any function parameters and return type.  @typescript-eslint/no-unsafe-function-type
65:42  Warning: Unexpected any. Specify a different type.  @typescript-eslint/no-explicit-any

info  - Need to disable some ESLint rules? Learn more here: https://nextjs.org/docs/app/api-reference/config/eslint#disabling-rules
   Collecting page data ...
   Generating static pages (0/10) ...
   Generating static pages (2/10) 
   Generating static pages (4/10) 
   Generating static pages (7/10) 
 ✓ Generating static pages (10/10)
   Finalizing page optimization ...
   Collecting build traces ...

Route (app)                                 Size  First Load JS
┌ ○ /                                     2.1 kB         105 kB
├ ○ /_not-found                            990 B         101 kB
├ ƒ /api/games                             127 B        99.8 kB
├ ƒ /api/games/open                        127 B        99.8 kB
├ ○ /board-editor                        9.92 kB         119 kB
├ ○ /board-viewer                        1.07 kB         112 kB
├ ○ /course-viewer                        3.5 kB         115 kB
└ ƒ /game/[roomCode]                       39 kB         154 kB
+ First Load JS shared by all            99.7 kB
  ├ chunks/4bd1b696-cf72ae8a39fa05aa.js  54.1 kB
  ├ chunks/964-02efbd2195ef91bd.js       43.5 kB
  └ other shared chunks (total)             2 kB


○  (Static)   prerendered as static content
ƒ  (Dynamic)  server-rendered on demand


> robotmadness-online@0.1.0 db:generate
> prisma generate

Environment variables loaded from .env
Prisma schema loaded from prisma\schema.prisma

✔ Generated Prisma Client (v6.13.0) to .\node_modules\@prisma\client in 44ms

Start by importing your Prisma Client (See: https://pris.ly/d/importing-client)

Tip: Need your database queries to be 1000x faster? Accelerate offers you that and more: https://pris.ly/tip-2-accelerate

